[251229 22:24:45] [LN:95] INF: '******************* Starting   *******************'
[251229 22:24:45] no plugin configs found with any of the following IDs ['DupFileManager']
[251229 22:24:45] [LN:674] INF: 'Dup-tagId=450'
[251229 22:24:45] [LN:674] INF: 'Dup-tagId=451'
[251229 22:24:45] [LN:674] INF: 'Dup-tagId=452'
[251229 22:24:45] [LN:836] INF: '#########################################################################'
[251229 22:24:45] [LN:838] INF: 'Waiting for find_duplicate_scenes_diff to return results; matchDupDistance=Exact Match; significantTimeDiff=0.9'
[251229 22:24:45] 0.03333333333333333
[251229 22:24:46] [LN:847] INF: 'Found 0 duplicate sets...'
[251229 22:24:46] [LN:1977] ERR: 'Exception while running DupFileManager Task(tag_duplicates_task); Error: [Errno 2] No such file or directory: \'plugins/DupFileManager/report\'\nTraceBack=Traceback (most recent call last):\n  File "/opt/stash-linux/plugins/community/DupFileManager/DupFileManager.py", line 1876, in <module>\n    mangeDupFiles(tagDuplicates=True, merge=mergeDupFilename)\n    ~~~~~~~~~~~~~^^^^^^^^^^^^^^^^^^^^^^^^^^^^^^^^^^^^^^^^^^^^\n  File "/opt/stash-linux/plugins/community/DupFileManager/DupFileManager.py", line 850, in mangeDupFiles\n    os.mkdir(htmlReportNameFolder)\n    ~~~~~~~~^^^^^^^^^^^^^^^^^^^^^^\nFileNotFoundError: [Errno 2] No such file or directory: \'plugins/DupFileManager/report\'\n'
[251229 22:24:46] [LN:824] INF: "Skipping Job ID(4); description=Running plugin task: Tag Duplicates; {'id': '4', 'status': 'RUNNING', 'subTasks': None, 'description': 'Running plugin task: Tag Duplicates', 'progress': 0.03333333333333333, 'startTime': '2025-12-29T22:24:44.626725231+08:00', 'endTime': None, 'addTime': '2025-12-29T22:24:44.626682799+08:00', 'error': None})"
[251229 22:24:46] [LN:1980] ERR: Error: [Errno 2] No such file or directory: 'plugins/DupFileManager/report'
TraceBack=Traceback (most recent call last):
  File "/opt/stash-linux/plugins/community/DupFileManager/DupFileManager.py", line 1876, in <module>
    mangeDupFiles(tagDuplicates=True, merge=mergeDupFilename)
    ~~~~~~~~~~~~~^^^^^^^^^^^^^^^^^^^^^^^^^^^^^^^^^^^^^^^^^^^^
  File "/opt/stash-linux/plugins/community/DupFileManager/DupFileManager.py", line 850, in mangeDupFiles
    os.mkdir(htmlReportNameFolder)
    ~~~~~~~~^^^^^^^^^^^^^^^^^^^^^^
FileNotFoundError: [Errno 2] No such file or directory: 'plugins/DupFileManager/report'

[251229 22:24:46] [LN:1984] INF: 
*********************************
EXITING   ***********************
*********************************
